
Showing logs for build [32mmeta-tagscloud-environment-boot-qhkgd-1[0m stage [32mmeta-pipeline[0m and container [32mstep-credential-initializer-nr45b[0m
{"level":"warn","ts":1576910242.3255155,"logger":"fallback-logger","caller":"logging/config.go:69","msg":"Fetch GitHub commit ID from kodata failed: \"ref: refs/heads/master\" is not a valid GitHub commit ID"}
{"level":"info","ts":1576910242.3259497,"logger":"fallback-logger","caller":"creds-init/main.go:40","msg":"Credentials initialized."}

Showing logs for build [32mmeta-tagscloud-environment-boot-qhkgd-1[0m stage [32mmeta-pipeline[0m and container [32mstep-working-dir-initializer-c55bn[0m
{"level":"warn","ts":1576910247.2717364,"logger":"fallback-logger","caller":"logging/config.go:69","msg":"Fetch GitHub commit ID from kodata failed: open /var/run/ko/HEAD: no such file or directory"}
{"level":"info","ts":1576910247.2742882,"logger":"fallback-logger","caller":"bash/main.go:65","msg":"Successfully executed command \"mkdir -p /workspace/source\""}

Showing logs for build [32mmeta-tagscloud-environment-boot-qhkgd-1[0m stage [32mmeta-pipeline[0m and container [32mstep-place-tools[0m

Showing logs for build [32mmeta-tagscloud-environment-boot-qhkgd-1[0m stage [32mmeta-pipeline[0m and container [32mstep-git-source-meta-tagscloud-environment-boot-zms8z[0m
{"level":"warn","ts":1576910332.2170284,"logger":"fallback-logger","caller":"logging/config.go:69","msg":"Fetch GitHub commit ID from kodata failed: \"ref: refs/heads/master\" is not a valid GitHub commit ID"}
{"level":"error","ts":1576910332.8231645,"logger":"fallback-logger","caller":"git/git.go:35","msg":"Error running git [fetch --depth=1 --recurse-submodules=yes origin 7a0e7f7810e1d3d138439e76c5e3b89a6f310074]: exit status 128\nerror: Server does not allow request for unadvertised object 7a0e7f7810e1d3d138439e76c5e3b89a6f310074\n","stacktrace":"github.com/tektoncd/pipeline/pkg/git.run\n\t/workspace/go/src/github.com/tektoncd/pipeline/pkg/git/git.go:35\ngithub.com/tektoncd/pipeline/pkg/git.Fetch\n\t/workspace/go/src/github.com/tektoncd/pipeline/pkg/git/git.go:88\nmain.main\n\t/workspace/go/src/github.com/tektoncd/pipeline/cmd/git-init/main.go:36\nruntime.main\n\t/usr/local/go/src/runtime/proc.go:200"}
{"level":"error","ts":1576910334.2024128,"logger":"fallback-logger","caller":"git/git.go:35","msg":"Error running git [pull --recurse-submodules=yes origin]: exit status 1\nFrom https://github.com/tagscloud/environment-bootboot-staging\n * [new branch]      master     -> origin/master\nYou asked to pull from the remote 'origin', but did not specify\na branch. Because this is not the default configured remote\nfor your current branch, you must specify a branch on the command line.\n","stacktrace":"github.com/tektoncd/pipeline/pkg/git.run\n\t/workspace/go/src/github.com/tektoncd/pipeline/pkg/git/git.go:35\ngithub.com/tektoncd/pipeline/pkg/git.Fetch\n\t/workspace/go/src/github.com/tektoncd/pipeline/pkg/git/git.go:91\nmain.main\n\t/workspace/go/src/github.com/tektoncd/pipeline/cmd/git-init/main.go:36\nruntime.main\n\t/usr/local/go/src/runtime/proc.go:200"}
{"level":"warn","ts":1576910334.2024648,"logger":"fallback-logger","caller":"git/git.go:92","msg":"Failed to pull origin : exit status 1"}
{"level":"info","ts":1576910334.2043202,"logger":"fallback-logger","caller":"git/git.go:102","msg":"Successfully cloned https://github.com/tagscloud/environment-bootboot-staging.git @ 7a0e7f7810e1d3d138439e76c5e3b89a6f310074 in path /workspace/source"}

Showing logs for build [32mmeta-tagscloud-environment-boot-qhkgd-1[0m stage [32mmeta-pipeline[0m and container [32mstep-git-merge[0m
Using SHAs from PULL_REFS=master:7a0e7f7810e1d3d138439e76c5e3b89a6f310074
WARNING: no SHAs to merge, falling back to initial cloned commit

Showing logs for build [32mmeta-tagscloud-environment-boot-qhkgd-1[0m stage [32mmeta-pipeline[0m and container [32mstep-merge-pull-refs[0m
SKIP merge-pull-refs: Nothing to merge

Showing logs for build [32mmeta-tagscloud-environment-boot-qhkgd-1[0m stage [32mmeta-pipeline[0m and container [32mstep-create-effective-pipeline[0m
selected pack: /builder/home/.**/draft/packs/github.com/jenkins-x-buildpacks/jenkins-x-kubernetes/packs/environment
Effective pipeline written to jenkins-x-promotion-effective.yml

Showing logs for build [32mmeta-tagscloud-environment-boot-qhkgd-1[0m stage [32mmeta-pipeline[0m and container [32mstep-create-tekton-crds[0m
running command: ** step next-version --use-git-tag-only --tag
created new version: 0.0.1 and written to file: ./VERSION
error: Have you set up a git credential helper? See https://help.github.com/articles/caching-your-github-********-in-git/
: git output: To https://github.com/tagscloud/environment-bootboot-staging.git
 ! [remote rejected] v0.0.1 -> v0.0.1 (cannot lock ref 'refs/tags/v0.0.1': reference already exists)
error: failed to push some refs to 'https://github.com/tagscloud/environment-bootboot-staging.git': failed to run 'git push origin v0.0.1' command in directory '', output: 'To https://github.com/tagscloud/environment-bootboot-staging.git
 ! [remote rejected] v0.0.1 -> v0.0.1 (cannot lock ref 'refs/tags/v0.0.1': reference already exists)
error: failed to push some refs to 'https://github.com/tagscloud/environment-bootboot-staging.git''
error: failed to set the version on release pipelines: failed to run '/bin/sh -c ** step next-version --use-git-tag-only --tag' command in directory '/workspace/source', output: ''
[31m
Pipeline failed on stage 'meta-pipeline' : container 'step-create-tekton-crds'. The execution of the pipeline has stopped.[0m

Showing logs for build [32mmeta-tagscloud-environment-boot-qhkgd-1[0m stage [32mmeta-pipeline[0m and container [32mstep-credential-initializer-nr45b[0m
{"level":"warn","ts":1576910242.3255155,"logger":"fallback-logger","caller":"logging/config.go:69","msg":"Fetch GitHub commit ID from kodata failed: \"ref: refs/heads/master\" is not a valid GitHub commit ID"}
{"level":"info","ts":1576910242.3259497,"logger":"fallback-logger","caller":"creds-init/main.go:40","msg":"Credentials initialized."}

Showing logs for build [32mmeta-tagscloud-environment-boot-qhkgd-1[0m stage [32mmeta-pipeline[0m and container [32mstep-working-dir-initializer-c55bn[0m
{"level":"warn","ts":1576910247.2717364,"logger":"fallback-logger","caller":"logging/config.go:69","msg":"Fetch GitHub commit ID from kodata failed: open /var/run/ko/HEAD: no such file or directory"}
{"level":"info","ts":1576910247.2742882,"logger":"fallback-logger","caller":"bash/main.go:65","msg":"Successfully executed command \"mkdir -p /workspace/source\""}

Showing logs for build [32mmeta-tagscloud-environment-boot-qhkgd-1[0m stage [32mmeta-pipeline[0m and container [32mstep-place-tools[0m

Showing logs for build [32mmeta-tagscloud-environment-boot-qhkgd-1[0m stage [32mmeta-pipeline[0m and container [32mstep-git-source-meta-tagscloud-environment-boot-zms8z[0m
{"level":"warn","ts":1576910332.2170284,"logger":"fallback-logger","caller":"logging/config.go:69","msg":"Fetch GitHub commit ID from kodata failed: \"ref: refs/heads/master\" is not a valid GitHub commit ID"}
{"level":"error","ts":1576910332.8231645,"logger":"fallback-logger","caller":"git/git.go:35","msg":"Error running git [fetch --depth=1 --recurse-submodules=yes origin 7a0e7f7810e1d3d138439e76c5e3b89a6f310074]: exit status 128\nerror: Server does not allow request for unadvertised object 7a0e7f7810e1d3d138439e76c5e3b89a6f310074\n","stacktrace":"github.com/tektoncd/pipeline/pkg/git.run\n\t/workspace/go/src/github.com/tektoncd/pipeline/pkg/git/git.go:35\ngithub.com/tektoncd/pipeline/pkg/git.Fetch\n\t/workspace/go/src/github.com/tektoncd/pipeline/pkg/git/git.go:88\nmain.main\n\t/workspace/go/src/github.com/tektoncd/pipeline/cmd/git-init/main.go:36\nruntime.main\n\t/usr/local/go/src/runtime/proc.go:200"}
{"level":"error","ts":1576910334.2024128,"logger":"fallback-logger","caller":"git/git.go:35","msg":"Error running git [pull --recurse-submodules=yes origin]: exit status 1\nFrom https://github.com/tagscloud/environment-bootboot-staging\n * [new branch]      master     -> origin/master\nYou asked to pull from the remote 'origin', but did not specify\na branch. Because this is not the default configured remote\nfor your current branch, you must specify a branch on the command line.\n","stacktrace":"github.com/tektoncd/pipeline/pkg/git.run\n\t/workspace/go/src/github.com/tektoncd/pipeline/pkg/git/git.go:35\ngithub.com/tektoncd/pipeline/pkg/git.Fetch\n\t/workspace/go/src/github.com/tektoncd/pipeline/pkg/git/git.go:91\nmain.main\n\t/workspace/go/src/github.com/tektoncd/pipeline/cmd/git-init/main.go:36\nruntime.main\n\t/usr/local/go/src/runtime/proc.go:200"}
{"level":"warn","ts":1576910334.2024648,"logger":"fallback-logger","caller":"git/git.go:92","msg":"Failed to pull origin : exit status 1"}
{"level":"info","ts":1576910334.2043202,"logger":"fallback-logger","caller":"git/git.go:102","msg":"Successfully cloned https://github.com/tagscloud/environment-bootboot-staging.git @ 7a0e7f7810e1d3d138439e76c5e3b89a6f310074 in path /workspace/source"}

Showing logs for build [32mmeta-tagscloud-environment-boot-qhkgd-1[0m stage [32mmeta-pipeline[0m and container [32mstep-git-merge[0m
Using SHAs from PULL_REFS=master:7a0e7f7810e1d3d138439e76c5e3b89a6f310074
WARNING: no SHAs to merge, falling back to initial cloned commit

Showing logs for build [32mmeta-tagscloud-environment-boot-qhkgd-1[0m stage [32mmeta-pipeline[0m and container [32mstep-merge-pull-refs[0m
SKIP merge-pull-refs: Nothing to merge

Showing logs for build [32mmeta-tagscloud-environment-boot-qhkgd-1[0m stage [32mmeta-pipeline[0m and container [32mstep-create-effective-pipeline[0m
selected pack: /builder/home/.**/draft/packs/github.com/jenkins-x-buildpacks/jenkins-x-kubernetes/packs/environment
Effective pipeline written to jenkins-x-promotion-effective.yml

Showing logs for build [32mmeta-tagscloud-environment-boot-qhkgd-1[0m stage [32mmeta-pipeline[0m and container [32mstep-create-tekton-crds[0m
running command: ** step next-version --use-git-tag-only --tag
created new version: 0.0.1 and written to file: ./VERSION
error: Have you set up a git credential helper? See https://help.github.com/articles/caching-your-github-********-in-git/
: git output: To https://github.com/tagscloud/environment-bootboot-staging.git
 ! [remote rejected] v0.0.1 -> v0.0.1 (cannot lock ref 'refs/tags/v0.0.1': reference already exists)
error: failed to push some refs to 'https://github.com/tagscloud/environment-bootboot-staging.git': failed to run 'git push origin v0.0.1' command in directory '', output: 'To https://github.com/tagscloud/environment-bootboot-staging.git
 ! [remote rejected] v0.0.1 -> v0.0.1 (cannot lock ref 'refs/tags/v0.0.1': reference already exists)
error: failed to push some refs to 'https://github.com/tagscloud/environment-bootboot-staging.git''
error: failed to set the version on release pipelines: failed to run '/bin/sh -c ** step next-version --use-git-tag-only --tag' command in directory '/workspace/source', output: ''
[31m
Pipeline failed on stage 'meta-pipeline' : container 'step-create-tekton-crds'. The execution of the pipeline has stopped.[0m

Showing logs for build [32mmeta-tagscloud-environment-boot-qhkgd-1[0m stage [32mmeta-pipeline[0m and container [32mstep-credential-initializer-nr45b[0m
{"level":"warn","ts":1576910242.3255155,"logger":"fallback-logger","caller":"logging/config.go:69","msg":"Fetch GitHub commit ID from kodata failed: \"ref: refs/heads/master\" is not a valid GitHub commit ID"}
{"level":"info","ts":1576910242.3259497,"logger":"fallback-logger","caller":"creds-init/main.go:40","msg":"Credentials initialized."}

Showing logs for build [32mmeta-tagscloud-environment-boot-qhkgd-1[0m stage [32mmeta-pipeline[0m and container [32mstep-working-dir-initializer-c55bn[0m
{"level":"warn","ts":1576910247.2717364,"logger":"fallback-logger","caller":"logging/config.go:69","msg":"Fetch GitHub commit ID from kodata failed: open /var/run/ko/HEAD: no such file or directory"}
{"level":"info","ts":1576910247.2742882,"logger":"fallback-logger","caller":"bash/main.go:65","msg":"Successfully executed command \"mkdir -p /workspace/source\""}

Showing logs for build [32mmeta-tagscloud-environment-boot-qhkgd-1[0m stage [32mmeta-pipeline[0m and container [32mstep-place-tools[0m

Showing logs for build [32mmeta-tagscloud-environment-boot-qhkgd-1[0m stage [32mmeta-pipeline[0m and container [32mstep-git-source-meta-tagscloud-environment-boot-zms8z[0m
{"level":"warn","ts":1576910332.2170284,"logger":"fallback-logger","caller":"logging/config.go:69","msg":"Fetch GitHub commit ID from kodata failed: \"ref: refs/heads/master\" is not a valid GitHub commit ID"}
{"level":"error","ts":1576910332.8231645,"logger":"fallback-logger","caller":"git/git.go:35","msg":"Error running git [fetch --depth=1 --recurse-submodules=yes origin 7a0e7f7810e1d3d138439e76c5e3b89a6f310074]: exit status 128\nerror: Server does not allow request for unadvertised object 7a0e7f7810e1d3d138439e76c5e3b89a6f310074\n","stacktrace":"github.com/tektoncd/pipeline/pkg/git.run\n\t/workspace/go/src/github.com/tektoncd/pipeline/pkg/git/git.go:35\ngithub.com/tektoncd/pipeline/pkg/git.Fetch\n\t/workspace/go/src/github.com/tektoncd/pipeline/pkg/git/git.go:88\nmain.main\n\t/workspace/go/src/github.com/tektoncd/pipeline/cmd/git-init/main.go:36\nruntime.main\n\t/usr/local/go/src/runtime/proc.go:200"}
{"level":"error","ts":1576910334.2024128,"logger":"fallback-logger","caller":"git/git.go:35","msg":"Error running git [pull --recurse-submodules=yes origin]: exit status 1\nFrom https://github.com/tagscloud/environment-bootboot-staging\n * [new branch]      master     -> origin/master\nYou asked to pull from the remote 'origin', but did not specify\na branch. Because this is not the default configured remote\nfor your current branch, you must specify a branch on the command line.\n","stacktrace":"github.com/tektoncd/pipeline/pkg/git.run\n\t/workspace/go/src/github.com/tektoncd/pipeline/pkg/git/git.go:35\ngithub.com/tektoncd/pipeline/pkg/git.Fetch\n\t/workspace/go/src/github.com/tektoncd/pipeline/pkg/git/git.go:91\nmain.main\n\t/workspace/go/src/github.com/tektoncd/pipeline/cmd/git-init/main.go:36\nruntime.main\n\t/usr/local/go/src/runtime/proc.go:200"}
{"level":"warn","ts":1576910334.2024648,"logger":"fallback-logger","caller":"git/git.go:92","msg":"Failed to pull origin : exit status 1"}
{"level":"info","ts":1576910334.2043202,"logger":"fallback-logger","caller":"git/git.go:102","msg":"Successfully cloned https://github.com/tagscloud/environment-bootboot-staging.git @ 7a0e7f7810e1d3d138439e76c5e3b89a6f310074 in path /workspace/source"}

Showing logs for build [32mmeta-tagscloud-environment-boot-qhkgd-1[0m stage [32mmeta-pipeline[0m and container [32mstep-git-merge[0m
Using SHAs from PULL_REFS=master:7a0e7f7810e1d3d138439e76c5e3b89a6f310074
WARNING: no SHAs to merge, falling back to initial cloned commit

Showing logs for build [32mmeta-tagscloud-environment-boot-qhkgd-1[0m stage [32mmeta-pipeline[0m and container [32mstep-merge-pull-refs[0m
SKIP merge-pull-refs: Nothing to merge

Showing logs for build [32mmeta-tagscloud-environment-boot-qhkgd-1[0m stage [32mmeta-pipeline[0m and container [32mstep-create-effective-pipeline[0m
selected pack: /builder/home/.**/draft/packs/github.com/jenkins-x-buildpacks/jenkins-x-kubernetes/packs/environment
Effective pipeline written to jenkins-x-promotion-effective.yml

Showing logs for build [32mmeta-tagscloud-environment-boot-qhkgd-1[0m stage [32mmeta-pipeline[0m and container [32mstep-create-tekton-crds[0m
running command: ** step next-version --use-git-tag-only --tag
created new version: 0.0.1 and written to file: ./VERSION
error: Have you set up a git credential helper? See https://help.github.com/articles/caching-your-github-********-in-git/
: git output: To https://github.com/tagscloud/environment-bootboot-staging.git
 ! [remote rejected] v0.0.1 -> v0.0.1 (cannot lock ref 'refs/tags/v0.0.1': reference already exists)
error: failed to push some refs to 'https://github.com/tagscloud/environment-bootboot-staging.git': failed to run 'git push origin v0.0.1' command in directory '', output: 'To https://github.com/tagscloud/environment-bootboot-staging.git
 ! [remote rejected] v0.0.1 -> v0.0.1 (cannot lock ref 'refs/tags/v0.0.1': reference already exists)
error: failed to push some refs to 'https://github.com/tagscloud/environment-bootboot-staging.git''
error: failed to set the version on release pipelines: failed to run '/bin/sh -c ** step next-version --use-git-tag-only --tag' command in directory '/workspace/source', output: ''
[31m
Pipeline failed on stage 'meta-pipeline' : container 'step-create-tekton-crds'. The execution of the pipeline has stopped.[0m
