
Showing logs for build [32mtagscloud-environment-bootboot-6zpcg-16[0m stage [32mfrom-build-pack[0m and container [32mstep-credential-initializer-sn5bp[0m
{"level":"warn","ts":1577101192.5847466,"logger":"fallback-logger","caller":"logging/config.go:69","msg":"Fetch GitHub commit ID from kodata failed: \"ref: refs/heads/master\" is not a valid GitHub commit ID"}
{"level":"info","ts":1577101192.5853167,"logger":"fallback-logger","caller":"creds-init/main.go:40","msg":"Credentials initialized."}

Showing logs for build [32mtagscloud-environment-bootboot-6zpcg-16[0m stage [32mfrom-build-pack[0m and container [32mstep-working-dir-initializer-6f9d9[0m
{"level":"warn","ts":1577101193.8148608,"logger":"fallback-logger","caller":"logging/config.go:69","msg":"Fetch GitHub commit ID from kodata failed: open /var/run/ko/HEAD: no such file or directory"}
{"level":"info","ts":1577101193.8157747,"logger":"fallback-logger","caller":"bash/main.go:65","msg":"Successfully executed command \"mkdir -p /workspace/source\""}

Showing logs for build [32mtagscloud-environment-bootboot-6zpcg-16[0m stage [32mfrom-build-pack[0m and container [32mstep-place-tools[0m

Showing logs for build [32mtagscloud-environment-bootboot-6zpcg-16[0m stage [32mfrom-build-pack[0m and container [32mstep-git-source-tagscloud-environment-bootboot-4xgzp[0m
{"level":"warn","ts":1577101198.8746831,"logger":"fallback-logger","caller":"logging/config.go:69","msg":"Fetch GitHub commit ID from kodata failed: \"ref: refs/heads/master\" is not a valid GitHub commit ID"}
{"level":"info","ts":1577101200.9555395,"logger":"fallback-logger","caller":"git/git.go:102","msg":"Successfully cloned https://github.com/tagscloud/environment-bootboot-staging.git @ v0.0.15 in path /workspace/source"}

Showing logs for build [32mtagscloud-environment-bootboot-6zpcg-16[0m stage [32mfrom-build-pack[0m and container [32mstep-git-merge[0m
Using SHAs from PULL_REFS=master:323a00f04fbb9fbcc6351f2d109ee67a8c6c35be
WARNING: no SHAs to merge, falling back to initial cloned commit

Showing logs for build [32mtagscloud-environment-bootboot-6zpcg-16[0m stage [32mfrom-build-pack[0m and container [32mstep-setup-jx-git-credentials[0m
Generated Git credentials file /builder/home/git/credentials

Showing logs for build [32mtagscloud-environment-bootboot-6zpcg-16[0m stage [32mfrom-build-pack[0m and container [32mstep-build-helm-apply[0m
Modified file /workspace/source/env/Chart.yaml to set the chart to version 16
Ignoring templates/.gitignore
Ignoring templates/wildcardcert-secret.yaml
WARNING: No $CHART_REPOSITORY defined so using the default value of: http://jenkins-x-chartmuseum:8080
Adding missing Helm repo: storage.googleapis.com https://storage.googleapis.com/chartmuseum.jenkins-x.io
Successfully added Helm repository storage.googleapis.com.
Adding missing Helm repo: jenkins-x-chartmuseum http://jenkins-x-chartmuseum:8080
Successfully added Helm repository jenkins-x-chartmuseum.
WARNING: No $CHART_REPOSITORY defined so using the default value of: http://jenkins-x-chartmuseum:8080
Adding missing Helm repo: chartmuseum.jenkins-x.io http://chartmuseum.jenkins-x.io
Successfully added Helm repository chartmuseum.jenkins-x.io.
Adding missing Helm repo: strimzi.io http://strimzi.io/charts/
Successfully added Helm repository strimzi.io.


deployment.apps "elasticsearch-operator" deleted
serviceaccount "elasticsearch-operator" deleted
