
Showing logs for build [32mtagscloud-environment-bootboot-z6bsh-3[0m stage [32mfrom-build-pack[0m and container [32mstep-credential-initializer-57szd[0m
{"level":"warn","ts":1576912309.5449553,"logger":"fallback-logger","caller":"logging/config.go:69","msg":"Fetch GitHub commit ID from kodata failed: \"ref: refs/heads/master\" is not a valid GitHub commit ID"}
{"level":"info","ts":1576912309.545399,"logger":"fallback-logger","caller":"creds-init/main.go:40","msg":"Credentials initialized."}

Showing logs for build [32mtagscloud-environment-bootboot-z6bsh-3[0m stage [32mfrom-build-pack[0m and container [32mstep-working-dir-initializer-zgxcp[0m
{"level":"warn","ts":1576912310.0804522,"logger":"fallback-logger","caller":"logging/config.go:69","msg":"Fetch GitHub commit ID from kodata failed: open /var/run/ko/HEAD: no such file or directory"}
{"level":"info","ts":1576912310.0811343,"logger":"fallback-logger","caller":"bash/main.go:65","msg":"Successfully executed command \"mkdir -p /workspace/source\""}

Showing logs for build [32mtagscloud-environment-bootboot-z6bsh-3[0m stage [32mfrom-build-pack[0m and container [32mstep-place-tools[0m

Showing logs for build [32mtagscloud-environment-bootboot-z6bsh-3[0m stage [32mfrom-build-pack[0m and container [32mstep-git-source-tagscloud-environment-bootboot-pc8mq[0m
{"level":"warn","ts":1576912315.1274478,"logger":"fallback-logger","caller":"logging/config.go:69","msg":"Fetch GitHub commit ID from kodata failed: \"ref: refs/heads/master\" is not a valid GitHub commit ID"}
{"level":"info","ts":1576912316.926171,"logger":"fallback-logger","caller":"git/git.go:102","msg":"Successfully cloned https://github.com/tagscloud/environment-bootboot-staging.git @ v0.0.2 in path /workspace/source"}

Showing logs for build [32mtagscloud-environment-bootboot-z6bsh-3[0m stage [32mfrom-build-pack[0m and container [32mstep-git-merge[0m
Using SHAs from PULL_REFS=master:6a07aeb8980e32ea20102431deb4d54ffb6340fe
WARNING: no SHAs to merge, falling back to initial cloned commit

Showing logs for build [32mtagscloud-environment-bootboot-z6bsh-3[0m stage [32mfrom-build-pack[0m and container [32mstep-setup-jx-git-credentials[0m
Generated Git credentials file /builder/home/git/credentials

Showing logs for build [32mtagscloud-environment-bootboot-z6bsh-3[0m stage [32mfrom-build-pack[0m and container [32mstep-build-helm-apply[0m
Modified file /workspace/source/env/Chart.yaml to set the chart to version 3
Ignoring templates/.gitignore
Ignoring templates/wildcardcert-secret.yaml
WARNING: No $CHART_REPOSITORY defined so using the default value of: http://jenkins-x-chartmuseum:8080
Adding missing Helm repo: storage.googleapis.com https://storage.googleapis.com/chartmuseum.jenkins-x.io
Successfully added Helm repository storage.googleapis.com.
Adding missing Helm repo: jenkins-x-chartmuseum http://jenkins-x-chartmuseum:8080
Successfully added Helm repository jenkins-x-chartmuseum.
WARNING: No $CHART_REPOSITORY defined so using the default value of: http://jenkins-x-chartmuseum:8080
Adding missing Helm repo: chartmuseum.jenkins-x.io http://chartmuseum.jenkins-x.io
Successfully added Helm repository chartmuseum.jenkins-x.io.
Adding missing Helm repo: raw.githubusercontent.com https://raw.githubusercontent.com/strimzi/strimzi-kafka-operator/master/helm-charts/strimzi-kafka-operator
error: failed to add chart repositories: failed to add Helm repository 'https://raw.githubusercontent.com/strimzi/strimzi-kafka-operator/master/helm-charts/strimzi-kafka-operator': failed to add the repository 'raw.githubusercontent.com' with URL 'https://raw.githubusercontent.com/strimzi/strimzi-kafka-operator/master/helm-charts/strimzi-kafka-operator': failed to run 'helm repo add raw.githubusercontent.com https://raw.githubusercontent.com/strimzi/strimzi-kafka-operator/master/helm-charts/strimzi-kafka-operator' command in directory '/tmp/**-helm-apply-946671754/env', output: 'Error: Looks like "https://raw.githubusercontent.com/strimzi/strimzi-kafka-operator/master/helm-charts/strimzi-kafka-operator" is not a valid chart repository or cannot be reached: Failed to fetch https://raw.githubusercontent.com/strimzi/strimzi-kafka-operator/master/helm-charts/strimzi-kafka-operator/index.yaml : 404 Not Found'
[31m
Pipeline failed on stage 'from-build-pack' : container 'step-build-helm-apply'. The execution of the pipeline has stopped.[0m
